# JRE version: OpenJDK Runtime Environment (7.0_101) (build 1.7.0_101-b00)
# Java VM: OpenJDK 64-Bit Server VM (24.95-b01 mixed mode linux-amd64 compressed oops)
Heap
 PSYoungGen      total 125440K, used 16769K [0x00000000eaa80000, 0x00000000f3980000, 0x0000000100000000)
  eden space 108544K, 0% used [0x00000000eaa80000,0x00000000eaa80000,0x00000000f1480000)
  from space 16896K, 99% used [0x00000000f1480000,0x00000000f24e0788,0x00000000f2500000)
  to   space 12800K, 0% used [0x00000000f2500000,0x00000000f2500000,0x00000000f3180000)
 ParOldGen       total 36352K, used 24697K [0x00000000c0000000, 0x00000000c2380000, 0x00000000eaa80000)
  object space 36352K, 67% used [0x00000000c0000000,0x00000000c181e678,0x00000000c2380000)
 PSPermGen       total 21504K, used 6618K [0x00000000b5a00000, 0x00000000b6f00000, 0x00000000c0000000)
  object space 21504K, 30% used [0x00000000b5a00000,0x00000000b6076998,0x00000000b6f00000)
GC Heap History (10 events):
Event: 8,332 GC heap after
Heap after GC invocations=4 (full 0):
 PSYoungGen      total 30720K, used 2040K [0x00000000eaa80000, 0x00000000eca80000, 0x0000000100000000)
  eden space 28672K, 0% used [0x00000000eaa80000,0x00000000eaa80000,0x00000000ec680000)
  from space 2048K, 99% used [0x00000000ec880000,0x00000000eca7e1a0,0x00000000eca80000)
  to   space 2048K, 0% used [0x00000000ec680000,0x00000000ec680000,0x00000000ec880000)
 ParOldGen       total 36352K, used 7714K [0x00000000c0000000, 0x00000000c2380000, 0x00000000eaa80000)
  object space 36352K, 21% used [0x00000000c0000000,0x00000000c0788b70,0x00000000c2380000)
 PSPermGen       total 21504K, used 6243K [0x00000000b5a00000, 0x00000000b6f00000, 0x00000000c0000000)
  object space 21504K, 29% used [0x00000000b5a00000,0x00000000b6018ce8,0x00000000b6f00000)
}
Event: 11,651 GC heap before
{Heap before GC invocations=5 (full 0):
 PSYoungGen      total 30720K, used 30712K [0x00000000eaa80000, 0x00000000eca80000, 0x0000000100000000)
  eden space 28672K, 100% used [0x00000000eaa80000,0x00000000ec680000,0x00000000ec680000)
  from space 2048K, 99% used [0x00000000ec880000,0x00000000eca7e1a0,0x00000000eca80000)
  to   space 2048K, 0% used [0x00000000ec680000,0x00000000ec680000,0x00000000ec880000)
 ParOldGen       total 36352K, used 7714K [0x00000000c0000000, 0x00000000c2380000, 0x00000000eaa80000)
  object space 36352K, 21% used [0x00000000c0000000,0x00000000c0788b70,0x00000000c2380000)
 PSPermGen       total 21504K, used 6279K [0x00000000b5a00000, 0x00000000b6f00000, 0x00000000c0000000)
  object space 21504K, 29% used [0x00000000b5a00000,0x00000000b6021da0,0x00000000b6f00000)
Event: 11,861 GC heap after
Heap after GC invocations=5 (full 0):
 PSYoungGen      total 30720K, used 2040K [0x00000000eaa80000, 0x00000000ef180000, 0x0000000100000000)
  eden space 28672K, 0% used [0x00000000eaa80000,0x00000000eaa80000,0x00000000ec680000)
  from space 2048K, 99% used [0x00000000ec680000,0x00000000ec87e1a0,0x00000000ec880000)
  to   space 7680K, 0% used [0x00000000eea00000,0x00000000eea00000,0x00000000ef180000)
 ParOldGen       total 36352K, used 12548K [0x00000000c0000000, 0x00000000c2380000, 0x00000000eaa80000)
  object space 36352K, 34% used [0x00000000c0000000,0x00000000c0c412d8,0x00000000c2380000)
 PSPermGen       total 21504K, used 6279K [0x00000000b5a00000, 0x00000000b6f00000, 0x00000000c0000000)
  object space 21504K, 29% used [0x00000000b5a00000,0x00000000b6021da0,0x00000000b6f00000)
}
Event: 15,571 GC heap before
{Heap before GC invocations=6 (full 0):
 PSYoungGen      total 30720K, used 30712K [0x00000000eaa80000, 0x00000000ef180000, 0x0000000100000000)
  eden space 28672K, 100% used [0x00000000eaa80000,0x00000000ec680000,0x00000000ec680000)
  from space 2048K, 99% used [0x00000000ec680000,0x00000000ec87e1a0,0x00000000ec880000)
  to   space 7680K, 0% used [0x00000000eea00000,0x00000000eea00000,0x00000000ef180000)
 ParOldGen       total 36352K, used 12548K [0x00000000c0000000, 0x00000000c2380000, 0x00000000eaa80000)
  object space 36352K, 34% used [0x00000000c0000000,0x00000000c0c412d8,0x00000000c2380000)
 PSPermGen       total 21504K, used 6310K [0x00000000b5a00000, 0x00000000b6f00000, 0x00000000c0000000)
  object space 21504K, 29% used [0x00000000b5a00000,0x00000000b6029bb0,0x00000000b6f00000)
Event: 15,886 GC heap after
Heap after GC invocations=6 (full 0):
 PSYoungGen      total 64000K, used 6998K [0x00000000eaa80000, 0x00000000ef380000, 0x0000000100000000)
  eden space 56320K, 0% used [0x00000000eaa80000,0x00000000eaa80000,0x00000000ee180000)
  from space 7680K, 91% used [0x00000000eea00000,0x00000000ef0d5bc0,0x00000000ef180000)
  to   space 8704K, 0% used [0x00000000ee180000,0x00000000ee180000,0x00000000eea00000)
 ParOldGen       total 36352K, used 12548K [0x00000000c0000000, 0x00000000c2380000, 0x00000000eaa80000)
  object space 36352K, 34% used [0x00000000c0000000,0x00000000c0c412d8,0x00000000c2380000)
 PSPermGen       total 21504K, used 6310K [0x00000000b5a00000, 0x00000000b6f00000, 0x00000000c0000000)
  object space 21504K, 29% used [0x00000000b5a00000,0x00000000b6029bb0,0x00000000b6f00000)
}
Event: 21,815 GC heap before
{Heap before GC invocations=7 (full 0):
 PSYoungGen      total 64000K, used 63318K [0x00000000eaa80000, 0x00000000ef380000, 0x0000000100000000)
  eden space 56320K, 100% used [0x00000000eaa80000,0x00000000ee180000,0x00000000ee180000)
  from space 7680K, 91% used [0x00000000eea00000,0x00000000ef0d5bc0,0x00000000ef180000)
  to   space 8704K, 0% used [0x00000000ee180000,0x00000000ee180000,0x00000000eea00000)
 ParOldGen       total 36352K, used 12548K [0x00000000c0000000, 0x00000000c2380000, 0x00000000eaa80000)
  object space 36352K, 34% used [0x00000000c0000000,0x00000000c0c412d8,0x00000000c2380000)
 PSPermGen       total 21504K, used 6341K [0x00000000b5a00000, 0x00000000b6f00000, 0x00000000c0000000)
  object space 21504K, 29% used [0x00000000b5a00000,0x00000000b6031618,0x00000000b6f00000)
Event: 22,101 GC heap after
Heap after GC invocations=7 (full 0):
 PSYoungGen      total 65024K, used 8681K [0x00000000eaa80000, 0x00000000f3180000, 0x0000000100000000)
  eden space 56320K, 0% used [0x00000000eaa80000,0x00000000eaa80000,0x00000000ee180000)
  from space 8704K, 99% used [0x00000000ee180000,0x00000000ee9fa6b8,0x00000000eea00000)
  to   space 12800K, 0% used [0x00000000f2500000,0x00000000f2500000,0x00000000f3180000)
 ParOldGen       total 36352K, used 18423K [0x00000000c0000000, 0x00000000c2380000, 0x00000000eaa80000)
  object space 36352K, 50% used [0x00000000c0000000,0x00000000c11fdee8,0x00000000c2380000)
 PSPermGen       total 21504K, used 6341K [0x00000000b5a00000, 0x00000000b6f00000, 0x00000000c0000000)
  object space 21504K, 29% used [0x00000000b5a00000,0x00000000b6031618,0x00000000b6f00000)
}
Event: 26,655 GC heap before
{Heap before GC invocations=8 (full 0):
 PSYoungGen      total 65024K, used 65001K [0x00000000eaa80000, 0x00000000f3180000, 0x0000000100000000)
  eden space 56320K, 100% used [0x00000000eaa80000,0x00000000ee180000,0x00000000ee180000)
  from space 8704K, 99% used [0x00000000ee180000,0x00000000ee9fa6b8,0x00000000eea00000)
  to   space 12800K, 0% used [0x00000000f2500000,0x00000000f2500000,0x00000000f3180000)
 ParOldGen       total 36352K, used 18423K [0x00000000c0000000, 0x00000000c2380000, 0x00000000eaa80000)
  object space 36352K, 50% used [0x00000000c0000000,0x00000000c11fdee8,0x00000000c2380000)
 PSPermGen       total 21504K, used 6368K [0x00000000b5a00000, 0x00000000b6f00000, 0x00000000c0000000)
  object space 21504K, 29% used [0x00000000b5a00000,0x00000000b60383c0,0x00000000b6f00000)
Event: 27,164 GC heap after
Heap after GC invocations=8 (full 0):
 PSYoungGen      total 121344K, used 12788K [0x00000000eaa80000, 0x00000000f3980000, 0x0000000100000000)
  eden space 108544K, 0% used [0x00000000eaa80000,0x00000000eaa80000,0x00000000f1480000)
  from space 12800K, 99% used [0x00000000f2500000,0x00000000f317d1f8,0x00000000f3180000)
  to   space 16896K, 0% used [0x00000000f1480000,0x00000000f1480000,0x00000000f2500000)
 ParOldGen       total 36352K, used 22754K [0x00000000c0000000, 0x00000000c2380000, 0x00000000eaa80000)
  object space 36352K, 62% used [0x00000000c0000000,0x00000000c1638aa0,0x00000000c2380000)
 PSPermGen       total 21504K, used 6368K [0x00000000b5a00000, 0x00000000b6f00000, 0x00000000c0000000)
  object space 21504K, 29% used [0x00000000b5a00000,0x00000000b60383c0,0x00000000b6f00000)
}
Event: 45,828 GC heap before
{Heap before GC invocations=9 (full 0):
 PSYoungGen      total 121344K, used 121332K [0x00000000eaa80000, 0x00000000f3980000, 0x0000000100000000)
  eden space 108544K, 100% used [0x00000000eaa80000,0x00000000f1480000,0x00000000f1480000)
  from space 12800K, 99% used [0x00000000f2500000,0x00000000f317d1f8,0x00000000f3180000)
  to   space 16896K, 0% used [0x00000000f1480000,0x00000000f1480000,0x00000000f2500000)
 ParOldGen       total 36352K, used 22754K [0x00000000c0000000, 0x00000000c2380000, 0x00000000eaa80000)
  object space 36352K, 62% used [0x00000000c0000000,0x00000000c1638aa0,0x00000000c2380000)
 PSPermGen       total 21504K, used 6618K [0x00000000b5a00000, 0x00000000b6f00000, 0x00000000c0000000)
  object space 21504K, 30% used [0x00000000b5a00000,0x00000000b6076998,0x00000000b6f00000)

