# JRE version: OpenJDK Runtime Environment (7.0_101) (build 1.7.0_101-b00)
# Java VM: OpenJDK 64-Bit Server VM (24.95-b01 mixed mode linux-amd64 compressed oops)
Heap
 PSYoungGen      total 126464K, used 13796K [0x00000000eaa80000, 0x00000000f3580000, 0x0000000100000000)
  eden space 112640K, 0% used [0x00000000eaa80000,0x00000000eaa80000,0x00000000f1880000)
  from space 13824K, 99% used [0x00000000f1880000,0x00000000f25f9078,0x00000000f2600000)
  to   space 11776K, 0% used [0x00000000f2600000,0x00000000f2600000,0x00000000f3180000)
 ParOldGen       total 37376K, used 36567K [0x00000000c0000000, 0x00000000c2480000, 0x00000000eaa80000)
  object space 37376K, 97% used [0x00000000c0000000,0x00000000c23b5f68,0x00000000c2480000)
 PSPermGen       total 21504K, used 6077K [0x00000000b5a00000, 0x00000000b6f00000, 0x00000000c0000000)
  object space 21504K, 28% used [0x00000000b5a00000,0x00000000b5fef760,0x00000000b6f00000)
GC Heap History (10 events):
Event: 5,002 GC heap after
Heap after GC invocations=2 (full 0):
 PSYoungGen      total 30720K, used 2039K [0x00000000eaa80000, 0x00000000eca80000, 0x0000000100000000)
  eden space 28672K, 0% used [0x00000000eaa80000,0x00000000eaa80000,0x00000000ec680000)
  from space 2048K, 99% used [0x00000000ec880000,0x00000000eca7dc88,0x00000000eca80000)
  to   space 2048K, 0% used [0x00000000ec680000,0x00000000ec680000,0x00000000ec880000)
 ParOldGen       total 36352K, used 4133K [0x00000000c0000000, 0x00000000c2380000, 0x00000000eaa80000)
  object space 36352K, 11% used [0x00000000c0000000,0x00000000c0409740,0x00000000c2380000)
 PSPermGen       total 21504K, used 5852K [0x00000000b5a00000, 0x00000000b6f00000, 0x00000000c0000000)
  object space 21504K, 27% used [0x00000000b5a00000,0x00000000b5fb7258,0x00000000b6f00000)
}
Event: 7,590 GC heap before
{Heap before GC invocations=3 (full 0):
 PSYoungGen      total 30720K, used 30711K [0x00000000eaa80000, 0x00000000eca80000, 0x0000000100000000)
  eden space 28672K, 100% used [0x00000000eaa80000,0x00000000ec680000,0x00000000ec680000)
  from space 2048K, 99% used [0x00000000ec880000,0x00000000eca7dc88,0x00000000eca80000)
  to   space 2048K, 0% used [0x00000000ec680000,0x00000000ec680000,0x00000000ec880000)
 ParOldGen       total 36352K, used 4133K [0x00000000c0000000, 0x00000000c2380000, 0x00000000eaa80000)
  object space 36352K, 11% used [0x00000000c0000000,0x00000000c0409740,0x00000000c2380000)
 PSPermGen       total 21504K, used 5911K [0x00000000b5a00000, 0x00000000b6f00000, 0x00000000c0000000)
  object space 21504K, 27% used [0x00000000b5a00000,0x00000000b5fc5f00,0x00000000b6f00000)
Event: 7,664 GC heap after
Heap after GC invocations=3 (full 0):
 PSYoungGen      total 30720K, used 2036K [0x00000000eaa80000, 0x00000000ee680000, 0x0000000100000000)
  eden space 28672K, 0% used [0x00000000eaa80000,0x00000000eaa80000,0x00000000ec680000)
  from space 2048K, 99% used [0x00000000ec680000,0x00000000ec87d018,0x00000000ec880000)
  to   space 2048K, 0% used [0x00000000ee480000,0x00000000ee480000,0x00000000ee680000)
 ParOldGen       total 36352K, used 8768K [0x00000000c0000000, 0x00000000c2380000, 0x00000000eaa80000)
  object space 36352K, 24% used [0x00000000c0000000,0x00000000c0890368,0x00000000c2380000)
 PSPermGen       total 21504K, used 5911K [0x00000000b5a00000, 0x00000000b6f00000, 0x00000000c0000000)
  object space 21504K, 27% used [0x00000000b5a00000,0x00000000b5fc5f00,0x00000000b6f00000)
}
Event: 9,810 GC heap before
{Heap before GC invocations=4 (full 0):
 PSYoungGen      total 30720K, used 30708K [0x00000000eaa80000, 0x00000000ee680000, 0x0000000100000000)
  eden space 28672K, 100% used [0x00000000eaa80000,0x00000000ec680000,0x00000000ec680000)
  from space 2048K, 99% used [0x00000000ec680000,0x00000000ec87d018,0x00000000ec880000)
  to   space 2048K, 0% used [0x00000000ee480000,0x00000000ee480000,0x00000000ee680000)
 ParOldGen       total 36352K, used 8768K [0x00000000c0000000, 0x00000000c2380000, 0x00000000eaa80000)
  object space 36352K, 24% used [0x00000000c0000000,0x00000000c0890368,0x00000000c2380000)
 PSPermGen       total 21504K, used 5934K [0x00000000b5a00000, 0x00000000b6f00000, 0x00000000c0000000)
  object space 21504K, 27% used [0x00000000b5a00000,0x00000000b5fcba58,0x00000000b6f00000)
Event: 9,941 GC heap after
Heap after GC invocations=4 (full 0):
 PSYoungGen      total 59392K, used 2036K [0x00000000eaa80000, 0x00000000ee680000, 0x0000000100000000)
  eden space 57344K, 0% used [0x00000000eaa80000,0x00000000eaa80000,0x00000000ee280000)
  from space 2048K, 99% used [0x00000000ee480000,0x00000000ee67d018,0x00000000ee680000)
  to   space 2048K, 0% used [0x00000000ee280000,0x00000000ee280000,0x00000000ee480000)
 ParOldGen       total 36352K, used 12701K [0x00000000c0000000, 0x00000000c2380000, 0x00000000eaa80000)
  object space 36352K, 34% used [0x00000000c0000000,0x00000000c0c676f8,0x00000000c2380000)
 PSPermGen       total 21504K, used 5934K [0x00000000b5a00000, 0x00000000b6f00000, 0x00000000c0000000)
  object space 21504K, 27% used [0x00000000b5a00000,0x00000000b5fcba58,0x00000000b6f00000)
}
Event: 13,304 GC heap before
{Heap before GC invocations=5 (full 0):
 PSYoungGen      total 59392K, used 59380K [0x00000000eaa80000, 0x00000000ee680000, 0x0000000100000000)
  eden space 57344K, 100% used [0x00000000eaa80000,0x00000000ee280000,0x00000000ee280000)
  from space 2048K, 99% used [0x00000000ee480000,0x00000000ee67d018,0x00000000ee680000)
  to   space 2048K, 0% used [0x00000000ee280000,0x00000000ee280000,0x00000000ee480000)
 ParOldGen       total 36352K, used 12701K [0x00000000c0000000, 0x00000000c2380000, 0x00000000eaa80000)
  object space 36352K, 34% used [0x00000000c0000000,0x00000000c0c676f8,0x00000000c2380000)
 PSPermGen       total 21504K, used 5972K [0x00000000b5a00000, 0x00000000b6f00000, 0x00000000c0000000)
  object space 21504K, 27% used [0x00000000b5a00000,0x00000000b5fd53d8,0x00000000b6f00000)
Event: 13,389 GC heap after
Heap after GC invocations=5 (full 0):
 PSYoungGen      total 59392K, used 2036K [0x00000000eaa80000, 0x00000000f3180000, 0x0000000100000000)
  eden space 57344K, 0% used [0x00000000eaa80000,0x00000000eaa80000,0x00000000ee280000)
  from space 2048K, 99% used [0x00000000ee280000,0x00000000ee47d018,0x00000000ee480000)
  to   space 11776K, 0% used [0x00000000f2600000,0x00000000f2600000,0x00000000f3180000)
 ParOldGen       total 36352K, used 22397K [0x00000000c0000000, 0x00000000c2380000, 0x00000000eaa80000)
  object space 36352K, 61% used [0x00000000c0000000,0x00000000c15df448,0x00000000c2380000)
 PSPermGen       total 21504K, used 5972K [0x00000000b5a00000, 0x00000000b6f00000, 0x00000000c0000000)
  object space 21504K, 27% used [0x00000000b5a00000,0x00000000b5fd53d8,0x00000000b6f00000)
}
Event: 15,108 GC heap before
{Heap before GC invocations=6 (full 0):
 PSYoungGen      total 59392K, used 59380K [0x00000000eaa80000, 0x00000000f3180000, 0x0000000100000000)
  eden space 57344K, 100% used [0x00000000eaa80000,0x00000000ee280000,0x00000000ee280000)
  from space 2048K, 99% used [0x00000000ee280000,0x00000000ee47d018,0x00000000ee480000)
  to   space 11776K, 0% used [0x00000000f2600000,0x00000000f2600000,0x00000000f3180000)
 ParOldGen       total 36352K, used 22397K [0x00000000c0000000, 0x00000000c2380000, 0x00000000eaa80000)
  object space 36352K, 61% used [0x00000000c0000000,0x00000000c15df448,0x00000000c2380000)
 PSPermGen       total 21504K, used 6010K [0x00000000b5a00000, 0x00000000b6f00000, 0x00000000c0000000)
  object space 21504K, 27% used [0x00000000b5a00000,0x00000000b5fdea50,0x00000000b6f00000)
Event: 15,181 GC heap after
Heap after GC invocations=6 (full 0):
 PSYoungGen      total 124416K, used 11515K [0x00000000eaa80000, 0x00000000f3580000, 0x0000000100000000)
  eden space 112640K, 0% used [0x00000000eaa80000,0x00000000eaa80000,0x00000000f1880000)
  from space 11776K, 97% used [0x00000000f2600000,0x00000000f313ed28,0x00000000f3180000)
  to   space 13824K, 0% used [0x00000000f1880000,0x00000000f1880000,0x00000000f2600000)
 ParOldGen       total 36352K, used 22397K [0x00000000c0000000, 0x00000000c2380000, 0x00000000eaa80000)
  object space 36352K, 61% used [0x00000000c0000000,0x00000000c15df448,0x00000000c2380000)
 PSPermGen       total 21504K, used 6010K [0x00000000b5a00000, 0x00000000b6f00000, 0x00000000c0000000)
  object space 21504K, 27% used [0x00000000b5a00000,0x00000000b5fdea50,0x00000000b6f00000)
}
Event: 16,625 GC heap before
{Heap before GC invocations=7 (full 0):
 PSYoungGen      total 124416K, used 124155K [0x00000000eaa80000, 0x00000000f3580000, 0x0000000100000000)
  eden space 112640K, 100% used [0x00000000eaa80000,0x00000000f1880000,0x00000000f1880000)
  from space 11776K, 97% used [0x00000000f2600000,0x00000000f313ed28,0x00000000f3180000)
  to   space 13824K, 0% used [0x00000000f1880000,0x00000000f1880000,0x00000000f2600000)
 ParOldGen       total 36352K, used 22397K [0x00000000c0000000, 0x00000000c2380000, 0x00000000eaa80000)
  object space 36352K, 61% used [0x00000000c0000000,0x00000000c15df448,0x00000000c2380000)
 PSPermGen       total 21504K, used 6077K [0x00000000b5a00000, 0x00000000b6f00000, 0x00000000c0000000)
  object space 21504K, 28% used [0x00000000b5a00000,0x00000000b5fef760,0x00000000b6f00000)

