# JRE version: OpenJDK Runtime Environment (7.0_101) (build 1.7.0_101-b00)
# Java VM: OpenJDK 64-Bit Server VM (24.95-b01 mixed mode linux-amd64 compressed oops)
Heap
 PSYoungGen      total 124928K, used 15328K [0x00000000eaa80000, 0x00000000f3680000, 0x0000000100000000)
  eden space 109568K, 0% used [0x00000000eaa80000,0x00000000eaa80000,0x00000000f1580000)
  from space 15360K, 99% used [0x00000000f1580000,0x00000000f2478148,0x00000000f2480000)
  to   space 12288K, 0% used [0x00000000f2480000,0x00000000f2480000,0x00000000f3080000)
 ParOldGen       total 38400K, used 38322K [0x00000000c0000000, 0x00000000c2580000, 0x00000000eaa80000)
  object space 38400K, 99% used [0x00000000c0000000,0x00000000c256cba8,0x00000000c2580000)
 PSPermGen       total 21504K, used 6081K [0x00000000b5a00000, 0x00000000b6f00000, 0x00000000c0000000)
  object space 21504K, 28% used [0x00000000b5a00000,0x00000000b5ff0738,0x00000000b6f00000)
GC Heap History (10 events):
Event: 6,868 GC heap after
Heap after GC invocations=4 (full 0):
 PSYoungGen      total 30720K, used 2046K [0x00000000eaa80000, 0x00000000eca80000, 0x0000000100000000)
  eden space 28672K, 0% used [0x00000000eaa80000,0x00000000eaa80000,0x00000000ec680000)
  from space 2048K, 99% used [0x00000000ec880000,0x00000000eca7f988,0x00000000eca80000)
  to   space 2048K, 0% used [0x00000000ec680000,0x00000000ec680000,0x00000000ec880000)
 ParOldGen       total 36352K, used 9042K [0x00000000c0000000, 0x00000000c2380000, 0x00000000eaa80000)
  object space 36352K, 24% used [0x00000000c0000000,0x00000000c08d4b08,0x00000000c2380000)
 PSPermGen       total 21504K, used 5909K [0x00000000b5a00000, 0x00000000b6f00000, 0x00000000c0000000)
  object space 21504K, 27% used [0x00000000b5a00000,0x00000000b5fc5680,0x00000000b6f00000)
}
Event: 8,779 GC heap before
{Heap before GC invocations=5 (full 0):
 PSYoungGen      total 30720K, used 30718K [0x00000000eaa80000, 0x00000000eca80000, 0x0000000100000000)
  eden space 28672K, 100% used [0x00000000eaa80000,0x00000000ec680000,0x00000000ec680000)
  from space 2048K, 99% used [0x00000000ec880000,0x00000000eca7f988,0x00000000eca80000)
  to   space 2048K, 0% used [0x00000000ec680000,0x00000000ec680000,0x00000000ec880000)
 ParOldGen       total 36352K, used 9042K [0x00000000c0000000, 0x00000000c2380000, 0x00000000eaa80000)
  object space 36352K, 24% used [0x00000000c0000000,0x00000000c08d4b08,0x00000000c2380000)
 PSPermGen       total 21504K, used 5934K [0x00000000b5a00000, 0x00000000b6f00000, 0x00000000c0000000)
  object space 21504K, 27% used [0x00000000b5a00000,0x00000000b5fcb830,0x00000000b6f00000)
Event: 8,841 GC heap after
Heap after GC invocations=5 (full 0):
 PSYoungGen      total 30720K, used 2046K [0x00000000eaa80000, 0x00000000eee80000, 0x0000000100000000)
  eden space 28672K, 0% used [0x00000000eaa80000,0x00000000eaa80000,0x00000000ec680000)
  from space 2048K, 99% used [0x00000000ec680000,0x00000000ec87f988,0x00000000ec880000)
  to   space 6144K, 0% used [0x00000000ee880000,0x00000000ee880000,0x00000000eee80000)
 ParOldGen       total 36352K, used 13011K [0x00000000c0000000, 0x00000000c2380000, 0x00000000eaa80000)
  object space 36352K, 35% used [0x00000000c0000000,0x00000000c0cb4f00,0x00000000c2380000)
 PSPermGen       total 21504K, used 5934K [0x00000000b5a00000, 0x00000000b6f00000, 0x00000000c0000000)
  object space 21504K, 27% used [0x00000000b5a00000,0x00000000b5fcb830,0x00000000b6f00000)
}
Event: 10,238 GC heap before
{Heap before GC invocations=6 (full 0):
 PSYoungGen      total 30720K, used 30718K [0x00000000eaa80000, 0x00000000eee80000, 0x0000000100000000)
  eden space 28672K, 100% used [0x00000000eaa80000,0x00000000ec680000,0x00000000ec680000)
  from space 2048K, 99% used [0x00000000ec680000,0x00000000ec87f988,0x00000000ec880000)
  to   space 6144K, 0% used [0x00000000ee880000,0x00000000ee880000,0x00000000eee80000)
 ParOldGen       total 36352K, used 13011K [0x00000000c0000000, 0x00000000c2380000, 0x00000000eaa80000)
  object space 36352K, 35% used [0x00000000c0000000,0x00000000c0cb4f00,0x00000000c2380000)
 PSPermGen       total 21504K, used 5950K [0x00000000b5a00000, 0x00000000b6f00000, 0x00000000c0000000)
  object space 21504K, 27% used [0x00000000b5a00000,0x00000000b5fcf960,0x00000000b6f00000)
Event: 10,284 GC heap after
Heap after GC invocations=6 (full 0):
 PSYoungGen      total 62464K, used 6121K [0x00000000eaa80000, 0x00000000ef080000, 0x0000000100000000)
  eden space 56320K, 0% used [0x00000000eaa80000,0x00000000eaa80000,0x00000000ee180000)
  from space 6144K, 99% used [0x00000000ee880000,0x00000000eee7a6a8,0x00000000eee80000)
  to   space 7168K, 0% used [0x00000000ee180000,0x00000000ee180000,0x00000000ee880000)
 ParOldGen       total 36352K, used 13919K [0x00000000c0000000, 0x00000000c2380000, 0x00000000eaa80000)
  object space 36352K, 38% used [0x00000000c0000000,0x00000000c0d97f08,0x00000000c2380000)
 PSPermGen       total 21504K, used 5950K [0x00000000b5a00000, 0x00000000b6f00000, 0x00000000c0000000)
  object space 21504K, 27% used [0x00000000b5a00000,0x00000000b5fcf960,0x00000000b6f00000)
}
Event: 12,039 GC heap before
{Heap before GC invocations=7 (full 0):
 PSYoungGen      total 62464K, used 62441K [0x00000000eaa80000, 0x00000000ef080000, 0x0000000100000000)
  eden space 56320K, 100% used [0x00000000eaa80000,0x00000000ee180000,0x00000000ee180000)
  from space 6144K, 99% used [0x00000000ee880000,0x00000000eee7a6a8,0x00000000eee80000)
  to   space 7168K, 0% used [0x00000000ee180000,0x00000000ee180000,0x00000000ee880000)
 ParOldGen       total 36352K, used 13919K [0x00000000c0000000, 0x00000000c2380000, 0x00000000eaa80000)
  object space 36352K, 38% used [0x00000000c0000000,0x00000000c0d97f08,0x00000000c2380000)
 PSPermGen       total 21504K, used 5997K [0x00000000b5a00000, 0x00000000b6f00000, 0x00000000c0000000)
  object space 21504K, 27% used [0x00000000b5a00000,0x00000000b5fdb550,0x00000000b6f00000)
Event: 12,149 GC heap after
Heap after GC invocations=7 (full 0):
 PSYoungGen      total 63488K, used 7151K [0x00000000eaa80000, 0x00000000f3080000, 0x0000000100000000)
  eden space 56320K, 0% used [0x00000000eaa80000,0x00000000eaa80000,0x00000000ee180000)
  from space 7168K, 99% used [0x00000000ee180000,0x00000000ee87bd90,0x00000000ee880000)
  to   space 12288K, 0% used [0x00000000f2480000,0x00000000f2480000,0x00000000f3080000)
 ParOldGen       total 36352K, used 21992K [0x00000000c0000000, 0x00000000c2380000, 0x00000000eaa80000)
  object space 36352K, 60% used [0x00000000c0000000,0x00000000c157a1c0,0x00000000c2380000)
 PSPermGen       total 21504K, used 5997K [0x00000000b5a00000, 0x00000000b6f00000, 0x00000000c0000000)
  object space 21504K, 27% used [0x00000000b5a00000,0x00000000b5fdb550,0x00000000b6f00000)
}
Event: 13,975 GC heap before
{Heap before GC invocations=8 (full 0):
 PSYoungGen      total 63488K, used 63471K [0x00000000eaa80000, 0x00000000f3080000, 0x0000000100000000)
  eden space 56320K, 100% used [0x00000000eaa80000,0x00000000ee180000,0x00000000ee180000)
  from space 7168K, 99% used [0x00000000ee180000,0x00000000ee87bd90,0x00000000ee880000)
  to   space 12288K, 0% used [0x00000000f2480000,0x00000000f2480000,0x00000000f3080000)
 ParOldGen       total 36352K, used 21992K [0x00000000c0000000, 0x00000000c2380000, 0x00000000eaa80000)
  object space 36352K, 60% used [0x00000000c0000000,0x00000000c157a1c0,0x00000000c2380000)
 PSPermGen       total 21504K, used 6014K [0x00000000b5a00000, 0x00000000b6f00000, 0x00000000c0000000)
  object space 21504K, 27% used [0x00000000b5a00000,0x00000000b5fdfb18,0x00000000b6f00000)
Event: 14,091 GC heap after
Heap after GC invocations=8 (full 0):
 PSYoungGen      total 121856K, used 12284K [0x00000000eaa80000, 0x00000000f3680000, 0x0000000100000000)
  eden space 109568K, 0% used [0x00000000eaa80000,0x00000000eaa80000,0x00000000f1580000)
  from space 12288K, 99% used [0x00000000f2480000,0x00000000f307f030,0x00000000f3080000)
  to   space 15360K, 0% used [0x00000000f1580000,0x00000000f1580000,0x00000000f2480000)
 ParOldGen       total 36352K, used 25390K [0x00000000c0000000, 0x00000000c2380000, 0x00000000eaa80000)
  object space 36352K, 69% used [0x00000000c0000000,0x00000000c18cba40,0x00000000c2380000)
 PSPermGen       total 21504K, used 6014K [0x00000000b5a00000, 0x00000000b6f00000, 0x00000000c0000000)
  object space 21504K, 27% used [0x00000000b5a00000,0x00000000b5fdfb18,0x00000000b6f00000)
}
Event: 18,410 GC heap before
{Heap before GC invocations=9 (full 0):
 PSYoungGen      total 121856K, used 121852K [0x00000000eaa80000, 0x00000000f3680000, 0x0000000100000000)
  eden space 109568K, 100% used [0x00000000eaa80000,0x00000000f1580000,0x00000000f1580000)
  from space 12288K, 99% used [0x00000000f2480000,0x00000000f307f030,0x00000000f3080000)
  to   space 15360K, 0% used [0x00000000f1580000,0x00000000f1580000,0x00000000f2480000)
 ParOldGen       total 36352K, used 25390K [0x00000000c0000000, 0x00000000c2380000, 0x00000000eaa80000)
  object space 36352K, 69% used [0x00000000c0000000,0x00000000c18cba40,0x00000000c2380000)
 PSPermGen       total 21504K, used 6081K [0x00000000b5a00000, 0x00000000b6f00000, 0x00000000c0000000)
  object space 21504K, 28% used [0x00000000b5a00000,0x00000000b5ff0738,0x00000000b6f00000)

