# JRE version: OpenJDK Runtime Environment (7.0_101) (build 1.7.0_101-b00)
# Java VM: OpenJDK 64-Bit Server VM (24.95-b01 mixed mode linux-amd64 compressed oops)
Heap
 PSYoungGen      total 247808K, used 13147K [0x00000000eaa80000, 0x0000000100000000, 0x0000000100000000)
  eden space 145920K, 0% used [0x00000000eaa80000,0x00000000eaa80000,0x00000000f3900000)
  from space 101888K, 12% used [0x00000000f3900000,0x00000000f45d6fe8,0x00000000f9c80000)
  to   space 96768K, 0% used [0x00000000fa180000,0x00000000fa180000,0x0000000100000000)
 ParOldGen       total 202752K, used 202678K [0x00000000c0000000, 0x00000000cc600000, 0x00000000eaa80000)
  object space 202752K, 99% used [0x00000000c0000000,0x00000000cc5edba0,0x00000000cc600000)
 PSPermGen       total 21504K, used 6360K [0x00000000b5a00000, 0x00000000b6f00000, 0x00000000c0000000)
  object space 21504K, 29% used [0x00000000b5a00000,0x00000000b6036378,0x00000000b6f00000)
GC Heap History (10 events):
Event: 34,618 GC heap after
Heap after GC invocations=10 (full 2):
 PSYoungGen      total 171008K, used 37365K [0x00000000eaa80000, 0x00000000f8780000, 0x0000000100000000)
  eden space 133632K, 0% used [0x00000000eaa80000,0x00000000eaa80000,0x00000000f2d00000)
  from space 37376K, 99% used [0x00000000f6300000,0x00000000f877d7b0,0x00000000f8780000)
  to   space 45568K, 0% used [0x00000000f2e80000,0x00000000f2e80000,0x00000000f5b00000)
 ParOldGen       total 97280K, used 38153K [0x00000000c0000000, 0x00000000c5f00000, 0x00000000eaa80000)
  object space 97280K, 39% used [0x00000000c0000000,0x00000000c2542750,0x00000000c5f00000)
 PSPermGen       total 21504K, used 6357K [0x00000000b5a00000, 0x00000000b6f00000, 0x00000000c0000000)
  object space 21504K, 29% used [0x00000000b5a00000,0x00000000b6035708,0x00000000b6f00000)
}
Event: 35,238 GC heap before
{Heap before GC invocations=11 (full 2):
 PSYoungGen      total 171008K, used 170997K [0x00000000eaa80000, 0x00000000f8780000, 0x0000000100000000)
  eden space 133632K, 100% used [0x00000000eaa80000,0x00000000f2d00000,0x00000000f2d00000)
  from space 37376K, 99% used [0x00000000f6300000,0x00000000f877d7b0,0x00000000f8780000)
  to   space 45568K, 0% used [0x00000000f2e80000,0x00000000f2e80000,0x00000000f5b00000)
 ParOldGen       total 97280K, used 38153K [0x00000000c0000000, 0x00000000c5f00000, 0x00000000eaa80000)
  object space 97280K, 39% used [0x00000000c0000000,0x00000000c2542750,0x00000000c5f00000)
 PSPermGen       total 21504K, used 6359K [0x00000000b5a00000, 0x00000000b6f00000, 0x00000000c0000000)
  object space 21504K, 29% used [0x00000000b5a00000,0x00000000b6035ed0,0x00000000b6f00000)
Event: 35,818 GC heap after
Heap after GC invocations=11 (full 2):
 PSYoungGen      total 180736K, used 45561K [0x00000000eaa80000, 0x00000000ff900000, 0x0000000100000000)
  eden space 135168K, 0% used [0x00000000eaa80000,0x00000000eaa80000,0x00000000f2e80000)
  from space 45568K, 99% used [0x00000000f2e80000,0x00000000f5afe4c8,0x00000000f5b00000)
  to   space 77824K, 0% used [0x00000000fad00000,0x00000000fad00000,0x00000000ff900000)
 ParOldGen       total 97280K, used 97123K [0x00000000c0000000, 0x00000000c5f00000, 0x00000000eaa80000)
  object space 97280K, 99% used [0x00000000c0000000,0x00000000c5ed8d28,0x00000000c5f00000)
 PSPermGen       total 21504K, used 6359K [0x00000000b5a00000, 0x00000000b6f00000, 0x00000000c0000000)
  object space 21504K, 29% used [0x00000000b5a00000,0x00000000b6035ed0,0x00000000b6f00000)
}
Event: 35,818 GC heap before
{Heap before GC invocations=12 (full 3):
 PSYoungGen      total 180736K, used 45561K [0x00000000eaa80000, 0x00000000ff900000, 0x0000000100000000)
  eden space 135168K, 0% used [0x00000000eaa80000,0x00000000eaa80000,0x00000000f2e80000)
  from space 45568K, 99% used [0x00000000f2e80000,0x00000000f5afe4c8,0x00000000f5b00000)
  to   space 77824K, 0% used [0x00000000fad00000,0x00000000fad00000,0x00000000ff900000)
 ParOldGen       total 97280K, used 97123K [0x00000000c0000000, 0x00000000c5f00000, 0x00000000eaa80000)
  object space 97280K, 99% used [0x00000000c0000000,0x00000000c5ed8d28,0x00000000c5f00000)
 PSPermGen       total 21504K, used 6359K [0x00000000b5a00000, 0x00000000b6f00000, 0x00000000c0000000)
  object space 21504K, 29% used [0x00000000b5a00000,0x00000000b6035ed0,0x00000000b6f00000)
Event: 36,804 GC heap after
Heap after GC invocations=12 (full 3):
 PSYoungGen      total 180736K, used 35010K [0x00000000eaa80000, 0x00000000ff900000, 0x0000000100000000)
  eden space 135168K, 0% used [0x00000000eaa80000,0x00000000eaa80000,0x00000000f2e80000)
  from space 45568K, 76% used [0x00000000f2e80000,0x00000000f50b09e8,0x00000000f5b00000)
  to   space 77824K, 0% used [0x00000000fad00000,0x00000000fad00000,0x00000000ff900000)
 ParOldGen       total 185344K, used 96781K [0x00000000c0000000, 0x00000000cb500000, 0x00000000eaa80000)
  object space 185344K, 52% used [0x00000000c0000000,0x00000000c5e83680,0x00000000cb500000)
 PSPermGen       total 21504K, used 6358K [0x00000000b5a00000, 0x00000000b6f00000, 0x00000000c0000000)
  object space 21504K, 29% used [0x00000000b5a00000,0x00000000b6035b50,0x00000000b6f00000)
}
Event: 37,600 GC heap before
{Heap before GC invocations=13 (full 3):
 PSYoungGen      total 180736K, used 170178K [0x00000000eaa80000, 0x00000000ff900000, 0x0000000100000000)
  eden space 135168K, 100% used [0x00000000eaa80000,0x00000000f2e80000,0x00000000f2e80000)
  from space 45568K, 76% used [0x00000000f2e80000,0x00000000f50b09e8,0x00000000f5b00000)
  to   space 77824K, 0% used [0x00000000fad00000,0x00000000fad00000,0x00000000ff900000)
 ParOldGen       total 185344K, used 96781K [0x00000000c0000000, 0x00000000cb500000, 0x00000000eaa80000)
  object space 185344K, 52% used [0x00000000c0000000,0x00000000c5e83680,0x00000000cb500000)
 PSPermGen       total 21504K, used 6360K [0x00000000b5a00000, 0x00000000b6f00000, 0x00000000c0000000)
  object space 21504K, 29% used [0x00000000b5a00000,0x00000000b60361e8,0x00000000b6f00000)
Event: 38,019 GC heap after
Heap after GC invocations=13 (full 3):
 PSYoungGen      total 223744K, used 77809K [0x00000000eaa80000, 0x0000000100000000, 0x0000000100000000)
  eden space 145920K, 0% used [0x00000000eaa80000,0x00000000eaa80000,0x00000000f3900000)
  from space 77824K, 99% used [0x00000000fad00000,0x00000000ff8fc7a8,0x00000000ff900000)
  to   space 101888K, 0% used [0x00000000f3900000,0x00000000f3900000,0x00000000f9c80000)
 ParOldGen       total 185344K, used 124145K [0x00000000c0000000, 0x00000000cb500000, 0x00000000eaa80000)
  object space 185344K, 66% used [0x00000000c0000000,0x00000000c793c6b8,0x00000000cb500000)
 PSPermGen       total 21504K, used 6360K [0x00000000b5a00000, 0x00000000b6f00000, 0x00000000c0000000)
  object space 21504K, 29% used [0x00000000b5a00000,0x00000000b60361e8,0x00000000b6f00000)
}
Event: 39,620 GC heap before
{Heap before GC invocations=14 (full 3):
 PSYoungGen      total 223744K, used 223729K [0x00000000eaa80000, 0x0000000100000000, 0x0000000100000000)
  eden space 145920K, 100% used [0x00000000eaa80000,0x00000000f3900000,0x00000000f3900000)
  from space 77824K, 99% used [0x00000000fad00000,0x00000000ff8fc7a8,0x00000000ff900000)
  to   space 101888K, 0% used [0x00000000f3900000,0x00000000f3900000,0x00000000f9c80000)
 ParOldGen       total 185344K, used 124145K [0x00000000c0000000, 0x00000000cb500000, 0x00000000eaa80000)
  object space 185344K, 66% used [0x00000000c0000000,0x00000000c793c6b8,0x00000000cb500000)
 PSPermGen       total 21504K, used 6360K [0x00000000b5a00000, 0x00000000b6f00000, 0x00000000c0000000)
  object space 21504K, 29% used [0x00000000b5a00000,0x00000000b6036398,0x00000000b6f00000)
Event: 40,303 GC heap after
Heap after GC invocations=14 (full 3):
 PSYoungGen      total 247808K, used 24591K [0x00000000eaa80000, 0x0000000100000000, 0x0000000100000000)
  eden space 145920K, 0% used [0x00000000eaa80000,0x00000000eaa80000,0x00000000f3900000)
  from space 101888K, 24% used [0x00000000f3900000,0x00000000f5103d48,0x00000000f9c80000)
  to   space 96768K, 0% used [0x00000000fa180000,0x00000000fa180000,0x0000000100000000)
 ParOldGen       total 202752K, used 202494K [0x00000000c0000000, 0x00000000cc600000, 0x00000000eaa80000)
  object space 202752K, 99% used [0x00000000c0000000,0x00000000cc5bfb80,0x00000000cc600000)
 PSPermGen       total 21504K, used 6360K [0x00000000b5a00000, 0x00000000b6f00000, 0x00000000c0000000)
  object space 21504K, 29% used [0x00000000b5a00000,0x00000000b6036398,0x00000000b6f00000)
}
Event: 40,312 GC heap before
{Heap before GC invocations=15 (full 4):
 PSYoungGen      total 247808K, used 24591K [0x00000000eaa80000, 0x0000000100000000, 0x0000000100000000)
  eden space 145920K, 0% used [0x00000000eaa80000,0x00000000eaa80000,0x00000000f3900000)
  from space 101888K, 24% used [0x00000000f3900000,0x00000000f5103d48,0x00000000f9c80000)
  to   space 96768K, 0% used [0x00000000fa180000,0x00000000fa180000,0x0000000100000000)
 ParOldGen       total 202752K, used 202494K [0x00000000c0000000, 0x00000000cc600000, 0x00000000eaa80000)
  object space 202752K, 99% used [0x00000000c0000000,0x00000000cc5bfb80,0x00000000cc600000)
 PSPermGen       total 21504K, used 6360K [0x00000000b5a00000, 0x00000000b6f00000, 0x00000000c0000000)
  object space 21504K, 29% used [0x00000000b5a00000,0x00000000b6036398,0x00000000b6f00000)

