# JRE version: OpenJDK Runtime Environment (7.0_101) (build 1.7.0_101-b00)
# Java VM: OpenJDK 64-Bit Server VM (24.95-b01 mixed mode linux-amd64 compressed oops)
Heap
 PSYoungGen      total 125952K, used 13310K [0x00000000eaa80000, 0x00000000f3480000, 0x0000000100000000)
  eden space 112640K, 0% used [0x00000000eaa80000,0x00000000eaa80000,0x00000000f1880000)
  from space 13312K, 99% used [0x00000000f1880000,0x00000000f257fba0,0x00000000f2580000)
  to   space 11264K, 0% used [0x00000000f2580000,0x00000000f2580000,0x00000000f3080000)
 ParOldGen       total 36352K, used 25638K [0x00000000c0000000, 0x00000000c2380000, 0x00000000eaa80000)
  object space 36352K, 70% used [0x00000000c0000000,0x00000000c1909bc8,0x00000000c2380000)
 PSPermGen       total 21504K, used 6266K [0x00000000b5a00000, 0x00000000b6f00000, 0x00000000c0000000)
  object space 21504K, 29% used [0x00000000b5a00000,0x00000000b601e8c0,0x00000000b6f00000)
GC Heap History (10 events):
Event: 5,729 GC heap after
Heap after GC invocations=2 (full 0):
 PSYoungGen      total 30720K, used 2032K [0x00000000eaa80000, 0x00000000eca80000, 0x0000000100000000)
  eden space 28672K, 0% used [0x00000000eaa80000,0x00000000eaa80000,0x00000000ec680000)
  from space 2048K, 99% used [0x00000000ec880000,0x00000000eca7c038,0x00000000eca80000)
  to   space 2048K, 0% used [0x00000000ec680000,0x00000000ec680000,0x00000000ec880000)
 ParOldGen       total 36352K, used 3973K [0x00000000c0000000, 0x00000000c2380000, 0x00000000eaa80000)
  object space 36352K, 10% used [0x00000000c0000000,0x00000000c03e1430,0x00000000c2380000)
 PSPermGen       total 21504K, used 5841K [0x00000000b5a00000, 0x00000000b6f00000, 0x00000000c0000000)
  object space 21504K, 27% used [0x00000000b5a00000,0x00000000b5fb4688,0x00000000b6f00000)
}
Event: 10,059 GC heap before
{Heap before GC invocations=3 (full 0):
 PSYoungGen      total 30720K, used 30704K [0x00000000eaa80000, 0x00000000eca80000, 0x0000000100000000)
  eden space 28672K, 100% used [0x00000000eaa80000,0x00000000ec680000,0x00000000ec680000)
  from space 2048K, 99% used [0x00000000ec880000,0x00000000eca7c038,0x00000000eca80000)
  to   space 2048K, 0% used [0x00000000ec680000,0x00000000ec680000,0x00000000ec880000)
 ParOldGen       total 36352K, used 3973K [0x00000000c0000000, 0x00000000c2380000, 0x00000000eaa80000)
  object space 36352K, 10% used [0x00000000c0000000,0x00000000c03e1430,0x00000000c2380000)
 PSPermGen       total 21504K, used 5902K [0x00000000b5a00000, 0x00000000b6f00000, 0x00000000c0000000)
  object space 21504K, 27% used [0x00000000b5a00000,0x00000000b5fc3ac0,0x00000000b6f00000)
Event: 10,170 GC heap after
Heap after GC invocations=3 (full 0):
 PSYoungGen      total 30720K, used 2016K [0x00000000eaa80000, 0x00000000ee680000, 0x0000000100000000)
  eden space 28672K, 0% used [0x00000000eaa80000,0x00000000eaa80000,0x00000000ec680000)
  from space 2048K, 98% used [0x00000000ec680000,0x00000000ec878020,0x00000000ec880000)
  to   space 2048K, 0% used [0x00000000ee480000,0x00000000ee480000,0x00000000ee680000)
 ParOldGen       total 36352K, used 8633K [0x00000000c0000000, 0x00000000c2380000, 0x00000000eaa80000)
  object space 36352K, 23% used [0x00000000c0000000,0x00000000c086e798,0x00000000c2380000)
 PSPermGen       total 21504K, used 5902K [0x00000000b5a00000, 0x00000000b6f00000, 0x00000000c0000000)
  object space 21504K, 27% used [0x00000000b5a00000,0x00000000b5fc3ac0,0x00000000b6f00000)
}
Event: 13,054 GC heap before
{Heap before GC invocations=4 (full 0):
 PSYoungGen      total 30720K, used 30688K [0x00000000eaa80000, 0x00000000ee680000, 0x0000000100000000)
  eden space 28672K, 100% used [0x00000000eaa80000,0x00000000ec680000,0x00000000ec680000)
  from space 2048K, 98% used [0x00000000ec680000,0x00000000ec878020,0x00000000ec880000)
  to   space 2048K, 0% used [0x00000000ee480000,0x00000000ee480000,0x00000000ee680000)
 ParOldGen       total 36352K, used 8633K [0x00000000c0000000, 0x00000000c2380000, 0x00000000eaa80000)
  object space 36352K, 23% used [0x00000000c0000000,0x00000000c086e798,0x00000000c2380000)
 PSPermGen       total 21504K, used 5934K [0x00000000b5a00000, 0x00000000b6f00000, 0x00000000c0000000)
  object space 21504K, 27% used [0x00000000b5a00000,0x00000000b5fcbbe0,0x00000000b6f00000)
Event: 13,161 GC heap after
Heap after GC invocations=4 (full 0):
 PSYoungGen      total 59392K, used 2016K [0x00000000eaa80000, 0x00000000ee680000, 0x0000000100000000)
  eden space 57344K, 0% used [0x00000000eaa80000,0x00000000eaa80000,0x00000000ee280000)
  from space 2048K, 98% used [0x00000000ee480000,0x00000000ee678020,0x00000000ee680000)
  to   space 2048K, 0% used [0x00000000ee280000,0x00000000ee280000,0x00000000ee480000)
 ParOldGen       total 36352K, used 12755K [0x00000000c0000000, 0x00000000c2380000, 0x00000000eaa80000)
  object space 36352K, 35% used [0x00000000c0000000,0x00000000c0c74f58,0x00000000c2380000)
 PSPermGen       total 21504K, used 5934K [0x00000000b5a00000, 0x00000000b6f00000, 0x00000000c0000000)
  object space 21504K, 27% used [0x00000000b5a00000,0x00000000b5fcbbe0,0x00000000b6f00000)
}
Event: 16,797 GC heap before
{Heap before GC invocations=5 (full 0):
 PSYoungGen      total 59392K, used 59360K [0x00000000eaa80000, 0x00000000ee680000, 0x0000000100000000)
  eden space 57344K, 100% used [0x00000000eaa80000,0x00000000ee280000,0x00000000ee280000)
  from space 2048K, 98% used [0x00000000ee480000,0x00000000ee678020,0x00000000ee680000)
  to   space 2048K, 0% used [0x00000000ee280000,0x00000000ee280000,0x00000000ee480000)
 ParOldGen       total 36352K, used 12755K [0x00000000c0000000, 0x00000000c2380000, 0x00000000eaa80000)
  object space 36352K, 35% used [0x00000000c0000000,0x00000000c0c74f58,0x00000000c2380000)
 PSPermGen       total 21504K, used 5979K [0x00000000b5a00000, 0x00000000b6f00000, 0x00000000c0000000)
  object space 21504K, 27% used [0x00000000b5a00000,0x00000000b5fd6d48,0x00000000b6f00000)
Event: 16,957 GC heap after
Heap after GC invocations=5 (full 0):
 PSYoungGen      total 59392K, used 2032K [0x00000000eaa80000, 0x00000000f3080000, 0x0000000100000000)
  eden space 57344K, 0% used [0x00000000eaa80000,0x00000000eaa80000,0x00000000ee280000)
  from space 2048K, 99% used [0x00000000ee280000,0x00000000ee47c010,0x00000000ee480000)
  to   space 11264K, 0% used [0x00000000f2580000,0x00000000f2580000,0x00000000f3080000)
 ParOldGen       total 36352K, used 21482K [0x00000000c0000000, 0x00000000c2380000, 0x00000000eaa80000)
  object space 36352K, 59% used [0x00000000c0000000,0x00000000c14fab18,0x00000000c2380000)
 PSPermGen       total 21504K, used 5979K [0x00000000b5a00000, 0x00000000b6f00000, 0x00000000c0000000)
  object space 21504K, 27% used [0x00000000b5a00000,0x00000000b5fd6d48,0x00000000b6f00000)
}
Event: 20,480 GC heap before
{Heap before GC invocations=6 (full 0):
 PSYoungGen      total 59392K, used 59376K [0x00000000eaa80000, 0x00000000f3080000, 0x0000000100000000)
  eden space 57344K, 100% used [0x00000000eaa80000,0x00000000ee280000,0x00000000ee280000)
  from space 2048K, 99% used [0x00000000ee280000,0x00000000ee47c010,0x00000000ee480000)
  to   space 11264K, 0% used [0x00000000f2580000,0x00000000f2580000,0x00000000f3080000)
 ParOldGen       total 36352K, used 21482K [0x00000000c0000000, 0x00000000c2380000, 0x00000000eaa80000)
  object space 36352K, 59% used [0x00000000c0000000,0x00000000c14fab18,0x00000000c2380000)
 PSPermGen       total 21504K, used 6010K [0x00000000b5a00000, 0x00000000b6f00000, 0x00000000c0000000)
  object space 21504K, 27% used [0x00000000b5a00000,0x00000000b5fdeb08,0x00000000b6f00000)
Event: 20,653 GC heap after
Heap after GC invocations=6 (full 0):
 PSYoungGen      total 123904K, used 11257K [0x00000000eaa80000, 0x00000000f3480000, 0x0000000100000000)
  eden space 112640K, 0% used [0x00000000eaa80000,0x00000000eaa80000,0x00000000f1880000)
  from space 11264K, 99% used [0x00000000f2580000,0x00000000f307e658,0x00000000f3080000)
  to   space 13312K, 0% used [0x00000000f1880000,0x00000000f1880000,0x00000000f2580000)
 ParOldGen       total 36352K, used 21537K [0x00000000c0000000, 0x00000000c2380000, 0x00000000eaa80000)
  object space 36352K, 59% used [0x00000000c0000000,0x00000000c15087b8,0x00000000c2380000)
 PSPermGen       total 21504K, used 6010K [0x00000000b5a00000, 0x00000000b6f00000, 0x00000000c0000000)
  object space 21504K, 27% used [0x00000000b5a00000,0x00000000b5fdeb08,0x00000000b6f00000)
}
Event: 34,194 GC heap before
{Heap before GC invocations=7 (full 0):
 PSYoungGen      total 123904K, used 123897K [0x00000000eaa80000, 0x00000000f3480000, 0x0000000100000000)
  eden space 112640K, 100% used [0x00000000eaa80000,0x00000000f1880000,0x00000000f1880000)
  from space 11264K, 99% used [0x00000000f2580000,0x00000000f307e658,0x00000000f3080000)
  to   space 13312K, 0% used [0x00000000f1880000,0x00000000f1880000,0x00000000f2580000)
 ParOldGen       total 36352K, used 21537K [0x00000000c0000000, 0x00000000c2380000, 0x00000000eaa80000)
  object space 36352K, 59% used [0x00000000c0000000,0x00000000c15087b8,0x00000000c2380000)
 PSPermGen       total 21504K, used 6266K [0x00000000b5a00000, 0x00000000b6f00000, 0x00000000c0000000)
  object space 21504K, 29% used [0x00000000b5a00000,0x00000000b601e8c0,0x00000000b6f00000)

