# JRE version: OpenJDK Runtime Environment (7.0_101) (build 1.7.0_101-b00)
# Java VM: OpenJDK 64-Bit Server VM (24.95-b01 mixed mode linux-amd64 compressed oops)
Heap
 PSYoungGen      total 125952K, used 13293K [0x00000000eaa80000, 0x00000000f3480000, 0x0000000100000000)
  eden space 112640K, 0% used [0x00000000eaa80000,0x00000000eaa80000,0x00000000f1880000)
  from space 13312K, 99% used [0x00000000f1880000,0x00000000f257b4a0,0x00000000f2580000)
  to   space 11264K, 0% used [0x00000000f2580000,0x00000000f2580000,0x00000000f3080000)
 ParOldGen       total 36352K, used 25992K [0x00000000c0000000, 0x00000000c2380000, 0x00000000eaa80000)
  object space 36352K, 71% used [0x00000000c0000000,0x00000000c1962188,0x00000000c2380000)
 PSPermGen       total 21504K, used 6267K [0x00000000b5a00000, 0x00000000b6f00000, 0x00000000c0000000)
  object space 21504K, 29% used [0x00000000b5a00000,0x00000000b601ed10,0x00000000b6f00000)
GC Heap History (10 events):
Event: 4,680 GC heap after
Heap after GC invocations=2 (full 0):
 PSYoungGen      total 30720K, used 2042K [0x00000000eaa80000, 0x00000000eca80000, 0x0000000100000000)
  eden space 28672K, 0% used [0x00000000eaa80000,0x00000000eaa80000,0x00000000ec680000)
  from space 2048K, 99% used [0x00000000ec880000,0x00000000eca7eaa8,0x00000000eca80000)
  to   space 2048K, 0% used [0x00000000ec680000,0x00000000ec680000,0x00000000ec880000)
 ParOldGen       total 36352K, used 3955K [0x00000000c0000000, 0x00000000c2380000, 0x00000000eaa80000)
  object space 36352K, 10% used [0x00000000c0000000,0x00000000c03dcc90,0x00000000c2380000)
 PSPermGen       total 21504K, used 5842K [0x00000000b5a00000, 0x00000000b6f00000, 0x00000000c0000000)
  object space 21504K, 27% used [0x00000000b5a00000,0x00000000b5fb4828,0x00000000b6f00000)
}
Event: 8,401 GC heap before
{Heap before GC invocations=3 (full 0):
 PSYoungGen      total 30720K, used 30714K [0x00000000eaa80000, 0x00000000eca80000, 0x0000000100000000)
  eden space 28672K, 100% used [0x00000000eaa80000,0x00000000ec680000,0x00000000ec680000)
  from space 2048K, 99% used [0x00000000ec880000,0x00000000eca7eaa8,0x00000000eca80000)
  to   space 2048K, 0% used [0x00000000ec680000,0x00000000ec680000,0x00000000ec880000)
 ParOldGen       total 36352K, used 3955K [0x00000000c0000000, 0x00000000c2380000, 0x00000000eaa80000)
  object space 36352K, 10% used [0x00000000c0000000,0x00000000c03dcc90,0x00000000c2380000)
 PSPermGen       total 21504K, used 5902K [0x00000000b5a00000, 0x00000000b6f00000, 0x00000000c0000000)
  object space 21504K, 27% used [0x00000000b5a00000,0x00000000b5fc3a98,0x00000000b6f00000)
Event: 8,554 GC heap after
Heap after GC invocations=3 (full 0):
 PSYoungGen      total 30720K, used 2036K [0x00000000eaa80000, 0x00000000ee680000, 0x0000000100000000)
  eden space 28672K, 0% used [0x00000000eaa80000,0x00000000eaa80000,0x00000000ec680000)
  from space 2048K, 99% used [0x00000000ec680000,0x00000000ec87d088,0x00000000ec880000)
  to   space 2048K, 0% used [0x00000000ee480000,0x00000000ee480000,0x00000000ee680000)
 ParOldGen       total 36352K, used 8604K [0x00000000c0000000, 0x00000000c2380000, 0x00000000eaa80000)
  object space 36352K, 23% used [0x00000000c0000000,0x00000000c0867150,0x00000000c2380000)
 PSPermGen       total 21504K, used 5902K [0x00000000b5a00000, 0x00000000b6f00000, 0x00000000c0000000)
  object space 21504K, 27% used [0x00000000b5a00000,0x00000000b5fc3a98,0x00000000b6f00000)
}
Event: 11,166 GC heap before
{Heap before GC invocations=4 (full 0):
 PSYoungGen      total 30720K, used 30708K [0x00000000eaa80000, 0x00000000ee680000, 0x0000000100000000)
  eden space 28672K, 100% used [0x00000000eaa80000,0x00000000ec680000,0x00000000ec680000)
  from space 2048K, 99% used [0x00000000ec680000,0x00000000ec87d088,0x00000000ec880000)
  to   space 2048K, 0% used [0x00000000ee480000,0x00000000ee480000,0x00000000ee680000)
 ParOldGen       total 36352K, used 8604K [0x00000000c0000000, 0x00000000c2380000, 0x00000000eaa80000)
  object space 36352K, 23% used [0x00000000c0000000,0x00000000c0867150,0x00000000c2380000)
 PSPermGen       total 21504K, used 5933K [0x00000000b5a00000, 0x00000000b6f00000, 0x00000000c0000000)
  object space 21504K, 27% used [0x00000000b5a00000,0x00000000b5fcb650,0x00000000b6f00000)
Event: 11,221 GC heap after
Heap after GC invocations=4 (full 0):
 PSYoungGen      total 59392K, used 2021K [0x00000000eaa80000, 0x00000000ee680000, 0x0000000100000000)
  eden space 57344K, 0% used [0x00000000eaa80000,0x00000000eaa80000,0x00000000ee280000)
  from space 2048K, 98% used [0x00000000ee480000,0x00000000ee6794b0,0x00000000ee680000)
  to   space 2048K, 0% used [0x00000000ee280000,0x00000000ee280000,0x00000000ee480000)
 ParOldGen       total 36352K, used 12747K [0x00000000c0000000, 0x00000000c2380000, 0x00000000eaa80000)
  object space 36352K, 35% used [0x00000000c0000000,0x00000000c0c72c70,0x00000000c2380000)
 PSPermGen       total 21504K, used 5933K [0x00000000b5a00000, 0x00000000b6f00000, 0x00000000c0000000)
  object space 21504K, 27% used [0x00000000b5a00000,0x00000000b5fcb650,0x00000000b6f00000)
}
Event: 14,746 GC heap before
{Heap before GC invocations=5 (full 0):
 PSYoungGen      total 59392K, used 59365K [0x00000000eaa80000, 0x00000000ee680000, 0x0000000100000000)
  eden space 57344K, 100% used [0x00000000eaa80000,0x00000000ee280000,0x00000000ee280000)
  from space 2048K, 98% used [0x00000000ee480000,0x00000000ee6794b0,0x00000000ee680000)
  to   space 2048K, 0% used [0x00000000ee280000,0x00000000ee280000,0x00000000ee480000)
 ParOldGen       total 36352K, used 12747K [0x00000000c0000000, 0x00000000c2380000, 0x00000000eaa80000)
  object space 36352K, 35% used [0x00000000c0000000,0x00000000c0c72c70,0x00000000c2380000)
 PSPermGen       total 21504K, used 5980K [0x00000000b5a00000, 0x00000000b6f00000, 0x00000000c0000000)
  object space 21504K, 27% used [0x00000000b5a00000,0x00000000b5fd7160,0x00000000b6f00000)
Event: 14,884 GC heap after
Heap after GC invocations=5 (full 0):
 PSYoungGen      total 59392K, used 2042K [0x00000000eaa80000, 0x00000000f3080000, 0x0000000100000000)
  eden space 57344K, 0% used [0x00000000eaa80000,0x00000000eaa80000,0x00000000ee280000)
  from space 2048K, 99% used [0x00000000ee280000,0x00000000ee47eb20,0x00000000ee480000)
  to   space 11264K, 0% used [0x00000000f2580000,0x00000000f2580000,0x00000000f3080000)
 ParOldGen       total 36352K, used 21383K [0x00000000c0000000, 0x00000000c2380000, 0x00000000eaa80000)
  object space 36352K, 58% used [0x00000000c0000000,0x00000000c14e1c40,0x00000000c2380000)
 PSPermGen       total 21504K, used 5980K [0x00000000b5a00000, 0x00000000b6f00000, 0x00000000c0000000)
  object space 21504K, 27% used [0x00000000b5a00000,0x00000000b5fd7160,0x00000000b6f00000)
}
Event: 17,183 GC heap before
{Heap before GC invocations=6 (full 0):
 PSYoungGen      total 59392K, used 59386K [0x00000000eaa80000, 0x00000000f3080000, 0x0000000100000000)
  eden space 57344K, 100% used [0x00000000eaa80000,0x00000000ee280000,0x00000000ee280000)
  from space 2048K, 99% used [0x00000000ee280000,0x00000000ee47eb20,0x00000000ee480000)
  to   space 11264K, 0% used [0x00000000f2580000,0x00000000f2580000,0x00000000f3080000)
 ParOldGen       total 36352K, used 21383K [0x00000000c0000000, 0x00000000c2380000, 0x00000000eaa80000)
  object space 36352K, 58% used [0x00000000c0000000,0x00000000c14e1c40,0x00000000c2380000)
 PSPermGen       total 21504K, used 6013K [0x00000000b5a00000, 0x00000000b6f00000, 0x00000000c0000000)
  object space 21504K, 27% used [0x00000000b5a00000,0x00000000b5fdf4e8,0x00000000b6f00000)
Event: 17,288 GC heap after
Heap after GC invocations=6 (full 0):
 PSYoungGen      total 123904K, used 11253K [0x00000000eaa80000, 0x00000000f3480000, 0x0000000100000000)
  eden space 112640K, 0% used [0x00000000eaa80000,0x00000000eaa80000,0x00000000f1880000)
  from space 11264K, 99% used [0x00000000f2580000,0x00000000f307d680,0x00000000f3080000)
  to   space 13312K, 0% used [0x00000000f1880000,0x00000000f1880000,0x00000000f2580000)
 ParOldGen       total 36352K, used 21401K [0x00000000c0000000, 0x00000000c2380000, 0x00000000eaa80000)
  object space 36352K, 58% used [0x00000000c0000000,0x00000000c14e67c8,0x00000000c2380000)
 PSPermGen       total 21504K, used 6013K [0x00000000b5a00000, 0x00000000b6f00000, 0x00000000c0000000)
  object space 21504K, 27% used [0x00000000b5a00000,0x00000000b5fdf4e8,0x00000000b6f00000)
}
Event: 23,163 GC heap before
{Heap before GC invocations=7 (full 0):
 PSYoungGen      total 123904K, used 123893K [0x00000000eaa80000, 0x00000000f3480000, 0x0000000100000000)
  eden space 112640K, 100% used [0x00000000eaa80000,0x00000000f1880000,0x00000000f1880000)
  from space 11264K, 99% used [0x00000000f2580000,0x00000000f307d680,0x00000000f3080000)
  to   space 13312K, 0% used [0x00000000f1880000,0x00000000f1880000,0x00000000f2580000)
 ParOldGen       total 36352K, used 21401K [0x00000000c0000000, 0x00000000c2380000, 0x00000000eaa80000)
  object space 36352K, 58% used [0x00000000c0000000,0x00000000c14e67c8,0x00000000c2380000)
 PSPermGen       total 21504K, used 6267K [0x00000000b5a00000, 0x00000000b6f00000, 0x00000000c0000000)
  object space 21504K, 29% used [0x00000000b5a00000,0x00000000b601ed10,0x00000000b6f00000)

